<?xml version="1.0" encoding="UTF-8"?>
<testng-results ignored="0" total="1" passed="1" failed="0" skipped="0">
  <reporter-output>
  </reporter-output>
  <suite started-at="2021-11-28T15:35:28 IST" name="Default suite" finished-at="2021-11-28T15:35:36 IST" duration-ms="8021">
    <groups>
    </groups>
    <test started-at="2021-11-28T15:35:28 IST" name="Default test" finished-at="2021-11-28T15:35:36 IST" duration-ms="8021">
      <class name="myacademy.ExtentReports.ExtentReportDemo">
        <test-method is-config="true" signature="config()[pri:0, instance:myacademy.ExtentReports.ExtentReportDemo@2c1b194a]" started-at="2021-11-28T15:35:28 IST" name="config" finished-at="2021-11-28T15:35:28 IST" duration-ms="197" status="PASS">
          <reporter-output>
          </reporter-output>
        </test-method> <!-- config -->
        <test-method signature="initialDemo()[pri:0, instance:myacademy.ExtentReports.ExtentReportDemo@2c1b194a]" started-at="2021-11-28T15:35:28 IST" name="initialDemo" finished-at="2021-11-28T15:35:36 IST" duration-ms="7797" status="PASS">
          <reporter-output>
          </reporter-output>
        </test-method> <!-- initialDemo -->
      </class> <!-- myacademy.ExtentReports.ExtentReportDemo -->
    </test> <!-- Default test -->
  </suite> <!-- Default suite -->
</testng-results>
